2025-04-04 09:55:57.508758 - Received CBT.V508.FILE449.PDS from FILE449.XMI 
2025-04-04 09:55:57.509985 - Found @@BOOK@@.txt (text/plain) in CBT.V508.FILE449.PDS, moved to PDS/@@BOOK@@
2025-04-04 09:55:57.510136 - Found @FILE449.txt (text/plain) in CBT.V508.FILE449.PDS, moved to PDS/@FILE449
2025-04-04 09:55:57.510308 - Found BKMGRCPS.txt (text/plain) in CBT.V508.FILE449.PDS, moved to PDS/BKMGRCPS
2025-04-04 09:55:57.510452 - Found BKMGRCSA.txt (text/plain) in CBT.V508.FILE449.PDS, moved to PDS/BKMGRCSA
2025-04-04 09:55:57.510578 - Found BKMGRHST.txt (text/plain) in CBT.V508.FILE449.PDS, moved to PDS/BKMGRHST
2025-04-04 09:55:57.510701 - Found BKMGRINF.txt (text/plain) in CBT.V508.FILE449.PDS, moved to PDS/BKMGRINF
2025-04-04 09:55:57.510854 - Found BKMGRLOC.txt (text/plain) in CBT.V508.FILE449.PDS, moved to PDS/BKMGRLOC
2025-04-04 09:55:57.510995 - Found BKMGRLPA.txt (text/plain) in CBT.V508.FILE449.PDS, moved to PDS/BKMGRLPA
2025-04-04 09:55:57.511117 - Found BOOKCSA.txt (text/plain) in CBT.V508.FILE449.PDS, moved to PDS/BOOKCSA
2025-04-04 09:55:57.511235 - Found BOOKMGRX.rexx (text/plain) in CBT.V508.FILE449.PDS, moved to PDS/BOOKMGRX
2025-04-04 09:55:57.511362 - Found BOOKSACE.jcl (text/plain) in CBT.V508.FILE449.PDS, moved to PDS/BOOKSACE
2025-04-04 09:55:57.511493 - Found BOOKSEXT.jcl (text/plain) in CBT.V508.FILE449.PDS, moved to PDS/BOOKSEXT
2025-04-04 09:55:57.511611 - Found CCCBKACE.txt (text/plain) in CBT.V508.FILE449.PDS, moved to PDS/CCCBKACE
2025-04-04 09:55:57.511753 - Found CCCBKCPS.txt (text/plain) in CBT.V508.FILE449.PDS, moved to PDS/CCCBKCPS
2025-04-04 09:55:57.511883 - Found CCCBKDAT.txt (text/plain) in CBT.V508.FILE449.PDS, moved to PDS/CCCBKDAT
2025-04-04 09:55:57.511999 - Found CCCBKDEF.txt (text/plain) in CBT.V508.FILE449.PDS, moved to PDS/CCCBKDEF
2025-04-04 09:55:57.512119 - Found CCCBKDSN.txt (text/plain) in CBT.V508.FILE449.PDS, moved to PDS/CCCBKDSN
2025-04-04 09:55:57.512254 - Found CCCBKEXT.txt (text/plain) in CBT.V508.FILE449.PDS, moved to PDS/CCCBKEXT
2025-04-04 09:55:57.512396 - Found CCCBKLOC.txt (text/plain) in CBT.V508.FILE449.PDS, moved to PDS/CCCBKLOC
2025-04-04 09:55:57.512514 - Found CCCBKPUB.txt (text/plain) in CBT.V508.FILE449.PDS, moved to PDS/CCCBKPUB
2025-04-04 09:55:57.512635 - Found CCCBKSRV.txt (text/plain) in CBT.V508.FILE449.PDS, moved to PDS/CCCBKSRV
2025-04-04 09:55:57.512767 - Found CCCLOCAT.txt (text/plain) in CBT.V508.FILE449.PDS, moved to PDS/CCCLOCAT
2025-04-04 09:55:57.512902 - Found REXXCOMP.jcl (text/plain) in CBT.V508.FILE449.PDS, moved to PDS/REXXCOMP
